0.0
4748.8
3758.0
964.1
1061.1
982.4
337.4
230.4
371.8
614.8
337.9
107.2
477.4
287.5
261.6
27.5
436.0
349.1
693.7
575.5
413.1
485.9
444.0
426.3
372.6
842.2
505.4
469.4
412.5
446.6
342.0
502.6
423.2
485.4
415.1
611.7
891.6
859.2
619.3
513.7
415.4
322.4
417.1
235.7
163.5
334.4
552.5
691.7
358.8
779.9
504.4
710.9
325.8
303.9
281.8
490.7
395.0
423.2
297.0
201.1
334.1
20.1
306.8
253.5
279.7
259.5
228.4
443.8
423.3
685.8
508.3
283.8
442.7
683.2
220.3
342.7
261.6
207.7
276.7
123.6
308.3
308.5
66.6
117.0
27.2
172.3
385.1
49.0
56.9
77.7
642.9
209.9
149.9
267.2
271.5
149.3
345.8
911.7
0.0
0.0
0.0
0.0
0.0
0.0
0.0
0.0
0.0
0.0
0.0
0.0
0.0
0.0
0.0
0.0
0.0
0.0
0.0
0.0
0.0
0.0
